<?xml version="1.0" encoding="UTF-8"?>
<testsuite name="iut.but2.tp1.TestUsageFileArrayListVide" tests="6" skipped="0" failures="0" errors="0" timestamp="2022-11-16T21:12:50" hostname="DESKTOP-39S6DD1" time="0.008">
  <properties/>
  <testcase name="taille()" classname="iut.but2.tp1.TestUsageFileArrayListVide" time="0.001"/>
  <testcase name="consult0()" classname="iut.but2.tp1.TestUsageFileArrayListVide" time="0.002"/>
  <testcase name="consult10()" classname="iut.but2.tp1.TestUsageFileArrayListVide" time="0.001"/>
  <testcase name="supp()" classname="iut.but2.tp1.TestUsageFileArrayListVide" time="0.001"/>
  <testcase name="listefinvide()" classname="iut.but2.tp1.TestUsageFileArrayListVide" time="0.0"/>
  <testcase name="listedebutvide()" classname="iut.but2.tp1.TestUsageFileArrayListVide" time="0.0"/>
  <system-out><![CDATA[]]></system-out>
  <system-err><![CDATA[]]></system-err>
</testsuite>
