<?xml version="1.0" encoding="UTF-8"?>
<testsuite name="TestHashtable" tests="12" skipped="0" failures="0" errors="0" timestamp="2022-11-16T23:38:41" hostname="DESKTOP-39S6DD1" time="0.028">
  <properties/>
  <testcase name="testElementDejaPresent()" classname="TestHashtable" time="0.003"/>
  <testcase name="testUnElement()" classname="TestHashtable" time="0.012"/>
  <testcase name="testNoColisions()" classname="TestHashtable" time="0.001"/>
  <testcase name="testSupprimer_elementAbsent()" classname="TestHashtable" time="0.001"/>
  <testcase name="testVide()" classname="TestHashtable" time="0.0"/>
  <testcase name="testPlusieursElements()" classname="TestHashtable" time="0.004"/>
  <testcase name="testColision_2()" classname="TestHashtable" time="0.001"/>
  <testcase name="testSupprimer_elementCollision()" classname="TestHashtable" time="0.0"/>
  <testcase name="testColision()" classname="TestHashtable" time="0.0"/>
  <testcase name="testRedimensionnement_1()" classname="TestHashtable" time="0.0"/>
  <testcase name="testRedimensionnement_20()" classname="TestHashtable" time="0.001"/>
  <testcase name="testSupprimer()" classname="TestHashtable" time="0.001"/>
  <system-out><![CDATA[]]></system-out>
  <system-err><![CDATA[]]></system-err>
</testsuite>
