<?xml version="1.0" encoding="UTF-8"?>
<testsuite name="TestExemplePersonne" tests="3" skipped="0" failures="0" errors="0" timestamp="2022-11-16T23:38:40" hostname="DESKTOP-39S6DD1" time="0.049">
  <properties/>
  <testcase name="exemple1()" classname="TestExemplePersonne" time="0.026"/>
  <testcase name="exemple2()" classname="TestExemplePersonne" time="0.003"/>
  <testcase name="exemple3()" classname="TestExemplePersonne" time="0.02"/>
  <system-out><![CDATA[]]></system-out>
  <system-err><![CDATA[]]></system-err>
</testsuite>
